2025-09-06 19:28:50 | ERROR    | __main__:not_found:72 - Not found: 404 Not Found: The requested URL was not found on the server. If you entered the URL manually please check your spelling and try again.
2025-09-06 19:29:19 | ERROR    | __main__:not_found:72 - Not found: 404 Not Found: The requested URL was not found on the server. If you entered the URL manually please check your spelling and try again.
2025-09-06 19:29:20 | ERROR    | __main__:not_found:72 - Not found: 404 Not Found: The requested URL was not found on the server. If you entered the URL manually please check your spelling and try again.
2025-09-06 23:57:35 | ERROR    | __main__:not_found:72 - Not found: 404 Not Found: The requested URL was not found on the server. If you entered the URL manually please check your spelling and try again.
2025-09-06 23:57:36 | ERROR    | __main__:not_found:72 - Not found: 404 Not Found: The requested URL was not found on the server. If you entered the URL manually please check your spelling and try again.
2025-09-06 23:57:43 | ERROR    | __main__:not_found:72 - Not found: 404 Not Found: The requested URL was not found on the server. If you entered the URL manually please check your spelling and try again.
2025-09-06 23:59:10 | ERROR    | __main__:not_found:72 - Not found: 404 Not Found: The requested URL was not found on the server. If you entered the URL manually please check your spelling and try again.
2025-09-06 23:59:25 | ERROR    | __main__:not_found:72 - Not found: 404 Not Found: The requested URL was not found on the server. If you entered the URL manually please check your spelling and try again.
2025-09-07 00:00:00 | ERROR    | __main__:not_found:72 - Not found: 404 Not Found: The requested URL was not found on the server. If you entered the URL manually please check your spelling and try again.
2025-09-07 00:03:24 | ERROR    | __main__:not_found:72 - Not found: 404 Not Found: The requested URL was not found on the server. If you entered the URL manually please check your spelling and try again.
2025-09-07 00:03:36 | ERROR    | __main__:not_found:72 - Not found: 404 Not Found: The requested URL was not found on the server. If you entered the URL manually please check your spelling and try again.
2025-09-07 00:04:49 | ERROR    | __main__:not_found:72 - Not found: 404 Not Found: The requested URL was not found on the server. If you entered the URL manually please check your spelling and try again.
2025-09-07 00:04:56 | ERROR    | __main__:not_found:72 - Not found: 404 Not Found: The requested URL was not found on the server. If you entered the URL manually please check your spelling and try again.
2025-09-07 01:34:11 | ERROR    | __main__:not_found:72 - Not found: 404 Not Found: The requested URL was not found on the server. If you entered the URL manually please check your spelling and try again.
2025-09-07 01:34:15 | ERROR    | __main__:not_found:72 - Not found: 404 Not Found: The requested URL was not found on the server. If you entered the URL manually please check your spelling and try again.
2025-09-08 23:19:20 | ERROR    | __main__:serve_upload:53 - Error serving upload Aditya Banerjee - Resume.pdf: 404 Not Found: The requested URL was not found on the server. If you entered the URL manually please check your spelling and try again.
2025-09-08 23:19:35 | ERROR    | __main__:serve_upload:53 - Error serving upload Aditya Banerjee - Resume.pdf: 404 Not Found: The requested URL was not found on the server. If you entered the URL manually please check your spelling and try again.
2025-09-09 23:55:18 | ERROR    | __main__:not_found:72 - Not found: 404 Not Found: The requested URL was not found on the server. If you entered the URL manually please check your spelling and try again.
2025-09-09 23:55:21 | ERROR    | __main__:not_found:72 - Not found: 404 Not Found: The requested URL was not found on the server. If you entered the URL manually please check your spelling and try again.
2025-09-10 00:29:37 | ERROR    | __main__:not_found:72 - Not found: 404 Not Found: The requested URL was not found on the server. If you entered the URL manually please check your spelling and try again.
2025-09-10 00:29:49 | ERROR    | __main__:not_found:72 - Not found: 404 Not Found: The requested URL was not found on the server. If you entered the URL manually please check your spelling and try again.
2025-09-10 00:34:39 | ERROR    | __main__:not_found:72 - Not found: 404 Not Found: The requested URL was not found on the server. If you entered the URL manually please check your spelling and try again.
2025-09-10 00:41:48 | ERROR    | __main__:not_found:72 - Not found: 404 Not Found: The requested URL was not found on the server. If you entered the URL manually please check your spelling and try again.
2025-09-10 00:42:35 | ERROR    | __main__:not_found:67 - Not found: 404 Not Found: The requested URL was not found on the server. If you entered the URL manually please check your spelling and try again.
2025-09-10 00:58:21 | ERROR    | __main__:apply_internship:176 - Error submitting internship application: 415 Unsupported Media Type: Did not attempt to load JSON data because the request Content-Type was not 'application/json'.
2025-09-10 01:04:04 | ERROR    | __main__:not_found:67 - Not found: 404 Not Found: The requested URL was not found on the server. If you entered the URL manually please check your spelling and try again.
2025-09-10 01:18:02 | ERROR    | __main__:not_found:67 - Not found: 404 Not Found: The requested URL was not found on the server. If you entered the URL manually please check your spelling and try again.
2025-09-10 01:35:28 | ERROR    | __main__:apply_project:281 - Error submitting project application: You must call `@jwt_required()` or `verify_jwt_in_request()` before using this method
2025-09-10 01:36:46 | ERROR    | __main__:apply_project:281 - Error submitting project application: You must call `@jwt_required()` or `verify_jwt_in_request()` before using this method
2025-09-10 01:37:25 | ERROR    | __main__:update_internship_submission:917 - Error updating internship submission: You must call `@jwt_required()` or `verify_jwt_in_request()` before using this method
2025-09-10 01:38:59 | ERROR    | __main__:apply_project:304 - Error submitting project application: You must call `@jwt_required()` or `verify_jwt_in_request()` before using this method
2025-09-10 01:41:19 | ERROR    | __main__:not_found:90 - Not found: 404 Not Found: The requested URL was not found on the server. If you entered the URL manually please check your spelling and try again.
2025-09-10 01:44:10 | ERROR    | __main__:not_found:90 - Not found: 404 Not Found: The requested URL was not found on the server. If you entered the URL manually please check your spelling and try again.
2025-09-10 01:45:19 | ERROR    | __main__:not_found:90 - Not found: 404 Not Found: The requested URL was not found on the server. If you entered the URL manually please check your spelling and try again.
2025-09-10 01:48:41 | ERROR    | __main__:not_found:132 - Not found: 404 Not Found: The requested URL was not found on the server. If you entered the URL manually please check your spelling and try again.
2025-09-10 01:48:43 | ERROR    | __main__:not_found:132 - Not found: 404 Not Found: The requested URL was not found on the server. If you entered the URL manually please check your spelling and try again.
2025-09-10 01:48:43 | ERROR    | __main__:not_found:132 - Not found: 404 Not Found: The requested URL was not found on the server. If you entered the URL manually please check your spelling and try again.
2025-09-10 01:48:46 | ERROR    | __main__:not_found:132 - Not found: 404 Not Found: The requested URL was not found on the server. If you entered the URL manually please check your spelling and try again.
2025-09-10 01:48:47 | ERROR    | __main__:not_found:132 - Not found: 404 Not Found: The requested URL was not found on the server. If you entered the URL manually please check your spelling and try again.
2025-09-10 01:48:47 | ERROR    | __main__:not_found:132 - Not found: 404 Not Found: The requested URL was not found on the server. If you entered the URL manually please check your spelling and try again.
2025-09-10 01:52:17 | ERROR    | __main__:update_project_application_status:954 - Error updating project application status: You must call `@jwt_required()` or `verify_jwt_in_request()` before using this method
2025-09-10 01:58:20 | ERROR    | __main__:not_found:122 - Not found: 404 Not Found: The requested URL was not found on the server. If you entered the URL manually please check your spelling and try again.
2025-09-10 02:13:01 | ERROR    | __main__:not_found:67 - Not found: 404 Not Found: The requested URL was not found on the server. If you entered the URL manually please check your spelling and try again.
2025-09-10 02:17:39 | ERROR    | __main__:not_found:67 - Not found: 404 Not Found: The requested URL was not found on the server. If you entered the URL manually please check your spelling and try again.
2025-09-10 02:17:39 | ERROR    | __main__:not_found:67 - Not found: 404 Not Found: The requested URL was not found on the server. If you entered the URL manually please check your spelling and try again.
2025-09-10 12:42:55 | ERROR    | __main__:not_found:67 - Not found: 404 Not Found: The requested URL was not found on the server. If you entered the URL manually please check your spelling and try again.
2025-09-10 12:50:39 | ERROR    | __main__:not_found:77 - Not found: 404 Not Found: The requested URL was not found on the server. If you entered the URL manually please check your spelling and try again.
2025-09-10 12:53:33 | ERROR    | __main__:not_found:78 - Not found: 404 Not Found: The requested URL was not found on the server. If you entered the URL manually please check your spelling and try again.
2025-09-10 12:54:23 | ERROR    | __main__:not_found:78 - Not found: 404 Not Found: The requested URL was not found on the server. If you entered the URL manually please check your spelling and try again.
2025-09-10 12:55:11 | ERROR    | __main__:not_found:82 - Not found: 404 Not Found: The requested URL was not found on the server. If you entered the URL manually please check your spelling and try again.
2025-09-10 12:55:14 | ERROR    | __main__:not_found:82 - Not found: 404 Not Found: The requested URL was not found on the server. If you entered the URL manually please check your spelling and try again.
2025-09-10 12:56:23 | ERROR    | __main__:not_found:86 - Not found: 404 Not Found: The requested URL was not found on the server. If you entered the URL manually please check your spelling and try again.
2025-09-10 12:58:30 | ERROR    | __main__:not_found:87 - Not found: 404 Not Found: The requested URL was not found on the server. If you entered the URL manually please check your spelling and try again.
2025-09-10 13:01:44 | ERROR    | __main__:not_found:87 - Not found: 404 Not Found: The requested URL was not found on the server. If you entered the URL manually please check your spelling and try again.
2025-09-10 13:04:11 | ERROR    | __main__:not_found:82 - Not found: 404 Not Found: The requested URL was not found on the server. If you entered the URL manually please check your spelling and try again.
2025-09-10 13:13:12 | ERROR    | __main__:not_found:85 - Not found: 404 Not Found: The requested URL was not found on the server. If you entered the URL manually please check your spelling and try again.
2025-09-10 13:17:40 | ERROR    | __main__:not_found:85 - Not found: 404 Not Found: The requested URL was not found on the server. If you entered the URL manually please check your spelling and try again.
2025-09-10 13:17:43 | ERROR    | __main__:not_found:85 - Not found: 404 Not Found: The requested URL was not found on the server. If you entered the URL manually please check your spelling and try again.
2025-09-10 13:20:03 | ERROR    | __main__:not_found:93 - Not found: 404 Not Found: The requested URL was not found on the server. If you entered the URL manually please check your spelling and try again.
2025-09-10 13:20:06 | ERROR    | __main__:not_found:93 - Not found: 404 Not Found: The requested URL was not found on the server. If you entered the URL manually please check your spelling and try again.
2025-09-10 13:21:20 | ERROR    | __main__:not_found:93 - Not found: 404 Not Found: The requested URL was not found on the server. If you entered the URL manually please check your spelling and try again.
2025-09-10 13:21:21 | ERROR    | __main__:not_found:93 - Not found: 404 Not Found: The requested URL was not found on the server. If you entered the URL manually please check your spelling and try again.
2025-09-10 13:22:42 | ERROR    | __main__:not_found:93 - Not found: 404 Not Found: The requested URL was not found on the server. If you entered the URL manually please check your spelling and try again.
2025-09-10 13:26:39 | ERROR    | __main__:not_found:144 - Not found: 404 Not Found: The requested URL was not found on the server. If you entered the URL manually please check your spelling and try again.
2025-09-10 13:27:04 | ERROR    | __main__:not_found:144 - Not found: 404 Not Found: The requested URL was not found on the server. If you entered the URL manually please check your spelling and try again.
2025-09-10 13:29:20 | ERROR    | __main__:not_found:155 - Not found: 404 Not Found: The requested URL was not found on the server. If you entered the URL manually please check your spelling and try again.
2025-09-10 13:30:56 | ERROR    | __main__:not_found:155 - Not found: 404 Not Found: The requested URL was not found on the server. If you entered the URL manually please check your spelling and try again.
2025-09-10 13:30:56 | ERROR    | __main__:not_found:155 - Not found: 404 Not Found: The requested URL was not found on the server. If you entered the URL manually please check your spelling and try again.
2025-09-10 13:31:03 | ERROR    | __main__:not_found:155 - Not found: 404 Not Found: The requested URL was not found on the server. If you entered the URL manually please check your spelling and try again.
2025-09-10 13:32:31 | ERROR    | __main__:not_found:151 - Not found: 404 Not Found: The requested URL was not found on the server. If you entered the URL manually please check your spelling and try again.
2025-09-10 13:34:06 | ERROR    | __main__:not_found:150 - Not found: 404 Not Found: The requested URL was not found on the server. If you entered the URL manually please check your spelling and try again.
2025-09-10 13:34:56 | ERROR    | __main__:not_found:150 - Not found: 404 Not Found: The requested URL was not found on the server. If you entered the URL manually please check your spelling and try again.
2025-09-10 13:34:57 | ERROR    | __main__:not_found:150 - Not found: 404 Not Found: The requested URL was not found on the server. If you entered the URL manually please check your spelling and try again.
2025-09-10 13:35:45 | ERROR    | __main__:not_found:153 - Not found: 404 Not Found: The requested URL was not found on the server. If you entered the URL manually please check your spelling and try again.
2025-09-10 13:35:52 | ERROR    | __main__:not_found:153 - Not found: 404 Not Found: The requested URL was not found on the server. If you entered the URL manually please check your spelling and try again.
2025-09-10 13:35:56 | ERROR    | __main__:not_found:153 - Not found: 404 Not Found: The requested URL was not found on the server. If you entered the URL manually please check your spelling and try again.
2025-09-10 13:41:38 | ERROR    | __main__:not_found:153 - Not found: 404 Not Found: The requested URL was not found on the server. If you entered the URL manually please check your spelling and try again.
2025-09-10 13:43:47 | ERROR    | __main__:not_found:153 - Not found: 404 Not Found: The requested URL was not found on the server. If you entered the URL manually please check your spelling and try again.
2025-09-10 13:55:52 | ERROR    | __main__:not_found:68 - Not found: 404 Not Found: The requested URL was not found on the server. If you entered the URL manually please check your spelling and try again.
2025-09-10 13:55:53 | ERROR    | __main__:not_found:68 - Not found: 404 Not Found: The requested URL was not found on the server. If you entered the URL manually please check your spelling and try again.
2025-09-10 13:55:54 | ERROR    | __main__:not_found:68 - Not found: 404 Not Found: The requested URL was not found on the server. If you entered the URL manually please check your spelling and try again.
2025-09-10 13:55:54 | ERROR    | __main__:not_found:68 - Not found: 404 Not Found: The requested URL was not found on the server. If you entered the URL manually please check your spelling and try again.
2025-09-10 14:03:48 | ERROR    | __main__:not_found:68 - Not found: 404 Not Found: The requested URL was not found on the server. If you entered the URL manually please check your spelling and try again.
2025-09-10 14:08:18 | ERROR    | __main__:not_found:94 - Not found: 404 Not Found: The requested URL was not found on the server. If you entered the URL manually please check your spelling and try again.
2025-09-11 00:02:38 | ERROR    | __main__:update_internship_submission:725 - Error saving submission: string indices must be integers, not 'str'
2025-09-11 00:11:14 | ERROR    | __main__:update_internship_submission:725 - Error saving submission: string indices must be integers, not 'str'
2025-09-11 00:44:14 | ERROR    | __main__:update_project_submission:852 - Error finding application: name 'project_applications' is not defined
2025-09-11 00:52:34 | ERROR    | __main__:update_project_submission:952 - Database error: name 'project_applications' is not defined
2025-09-11 13:09:21 | ERROR    | __main__:get_project:561 - Error fetching project project: name 're' is not defined
2025-09-11 13:09:54 | ERROR    | __main__:get_project:557 - Error fetching project project: name 're' is not defined
2025-09-11 13:14:19 | ERROR    | __main__:get_project:557 - Error fetching project project: name 're' is not defined
